<?xml version="1.0" encoding="UTF-8"?>
<testsuite xmlns:xsi="http://www.w3.org/2001/XMLSchema-instance" xsi:noNamespaceSchemaLocation="https://maven.apache.org/surefire/maven-surefire-plugin/xsd/surefire-test-report.xsd" version="3.0.2" name="com.example.accomodation.AccomodationApplicationTests" time="6.478" tests="1" errors="0" skipped="0" failures="0">
  <properties>
[...]
</properties>
  <testcase name="contextLoads" classname="com.example.accomodation.AccomodationApplicationTests" time="0.487">
    <system-out><![CDATA[16:24:05.719 [main] INFO org.springframework.test.context.support.AnnotationConfigContextLoaderUtils -- Could not detect default configuration classes for test class [com.example.accomodation.AccomodationApplicationTests]: AccomodationApplicationTests does not declare any static, non-private, non-final, nested classes annotated with @Configuration.
16:24:05.834 [main] INFO org.springframework.boot.test.context.SpringBootTestContextBootstrapper -- Found @SpringBootConfiguration com.example.accomodation.AccomodationApplication for test class com.example.accomodation.AccomodationApplicationTests
16:24:06.044 [main] INFO org.springframework.boot.devtools.restart.RestartApplicationListener -- Restart disabled due to context in which it is running

  .   ____          _            __ _ _
 /\\ / ___'_ __ _ _(_)_ __  __ _ \ \ \ \
( ( )\___ | '_ | '_| | '_ \/ _` | \ \ \ \
 \\/  ___)| |_)| | | | | || (_| |  ) ) ) )
  '  |____| .__|_| |_|_| |_\__, | / / / /
 =========|_|==============|___/=/_/_/_/

 :: Spring Boot ::                (v4.0.1)

2025-12-23T16:24:06.334+05:30  INFO 15048 --- [accomodation] [           main] c.e.a.AccomodationApplicationTests       : Starting AccomodationApplicationTests using Java 17.0.15 with PID 15048 (started by shaik.r in C:\Users\shaik.r\Java Project\pgaccomodation\accomodation)
2025-12-23T16:24:06.336+05:30  INFO 15048 --- [accomodation] [           main] c.e.a.AccomodationApplicationTests       : No active profile set, falling back to 1 default profile: "default"
2025-12-23T16:24:07.236+05:30  INFO 15048 --- [accomodation] [           main] .s.d.r.c.RepositoryConfigurationDelegate : Bootstrapping Spring Data JPA repositories in DEFAULT mode.
2025-12-23T16:24:07.308+05:30  INFO 15048 --- [accomodation] [           main] .s.d.r.c.RepositoryConfigurationDelegate : Finished Spring Data repository scanning in 61 ms. Found 3 JPA repository interfaces.
2025-12-23T16:24:07.787+05:30  INFO 15048 --- [accomodation] [           main] org.hibernate.orm.jpa                    : HHH008540: Processing PersistenceUnitInfo [name: default]
2025-12-23T16:24:07.860+05:30  INFO 15048 --- [accomodation] [           main] org.hibernate.orm.core                   : HHH000001: Hibernate ORM core version 7.2.0.Final
2025-12-23T16:24:08.583+05:30  INFO 15048 --- [accomodation] [           main] o.s.o.j.p.SpringPersistenceUnitInfo      : No LoadTimeWeaver setup: ignoring JPA class transformer
2025-12-23T16:24:08.625+05:30  INFO 15048 --- [accomodation] [           main] com.zaxxer.hikari.HikariDataSource       : HikariPool-1 - Starting...
2025-12-23T16:24:08.967+05:30  INFO 15048 --- [accomodation] [           main] com.zaxxer.hikari.pool.HikariPool        : HikariPool-1 - Added connection com.mysql.cj.jdbc.ConnectionImpl@37344d31
2025-12-23T16:24:08.969+05:30  INFO 15048 --- [accomodation] [           main] com.zaxxer.hikari.HikariDataSource       : HikariPool-1 - Start completed.
2025-12-23T16:24:09.056+05:30  INFO 15048 --- [accomodation] [           main] org.hibernate.orm.connections.pooling    : HHH10001005: Database info:
	Database JDBC URL [jdbc:mysql://localhost:3306/pg_accommodation_db?createDatabaseIfNotExist=true]
	Database driver: MySQL Connector/J
	Database dialect: MySQLDialect
	Database version: 8.0.42
	Default catalog/schema: pg_accommodation_db/undefined
	Autocommit mode: undefined/unknown
	Isolation level: REPEATABLE_READ [default REPEATABLE_READ]
	JDBC fetch size: none
	Pool: DataSourceConnectionProvider
	Minimum pool size: undefined/unknown
	Maximum pool size: undefined/unknown
2025-12-23T16:24:10.115+05:30  INFO 15048 --- [accomodation] [           main] org.hibernate.orm.core                   : HHH000489: No JTA platform available (set 'hibernate.transaction.jta.platform' to enable JTA platform integration)
2025-12-23T16:24:10.196+05:30  INFO 15048 --- [accomodation] [           main] j.LocalContainerEntityManagerFactoryBean : Initialized JPA EntityManagerFactory for persistence unit 'default'
2025-12-23T16:24:10.295+05:30  INFO 15048 --- [accomodation] [           main] o.s.d.j.r.query.QueryEnhancerFactories   : Hibernate is in classpath; If applicable, HQL parser will be used.
2025-12-23T16:24:10.631+05:30  WARN 15048 --- [accomodation] [           main] JpaBaseConfiguration$JpaWebConfiguration : spring.jpa.open-in-view is enabled by default. Therefore, database queries may be performed during view rendering. Explicitly configure spring.jpa.open-in-view to disable this warning
2025-12-23T16:24:11.373+05:30  INFO 15048 --- [accomodation] [           main] o.s.b.a.e.web.EndpointLinksResolver      : Exposing 1 endpoint beneath base path '/actuator'
2025-12-23T16:24:11.458+05:30  INFO 15048 --- [accomodation] [           main] c.e.a.AccomodationApplicationTests       : Started AccomodationApplicationTests in 5.43 seconds (process running for 6.752)
]]></system-out>
  </testcase>
</testsuite>